# JRE version: OpenJDK Runtime Environment JBR-11.0.13.7-1751.25-jcef (11.0.13+7) (build 11.0.13+7-b1751.25)
# Java VM: OpenJDK 64-Bit Server VM JBR-11.0.13.7-1751.25-jcef (11.0.13+7-b1751.25, mixed mode, tiered, compressed oops, g1 gc, windows-amd64)
Heap:
 garbage-first heap   total 502784K, used 499199K [0x0000000082200000, 0x0000000100000000)
  region size 1024K, 24 young (24576K), 2 survivors (2048K)
 Metaspace       used 12321K, capacity 12447K, committed 12800K, reserved 1060864K
  class space    used 948K, capacity 978K, committed 1024K, reserved 1048576K
GC Heap History (20 events):
Event: 1423.721 GC heap after
{Heap after GC invocations=3090 (full 0):
 garbage-first heap   total 499712K, used 474362K [0x0000000082200000, 0x0000000100000000)
  region size 1024K, 2 young (2048K), 2 survivors (2048K)
 Metaspace       used 12321K, capacity 12447K, committed 12800K, reserved 1060864K
  class space    used 948K, capacity 978K, committed 1024K, reserved 1048576K
}
Event: 1424.486 GC heap before
{Heap before GC invocations=3091 (full 0):
 garbage-first heap   total 499712K, used 495866K [0x0000000082200000, 0x0000000100000000)
  region size 1024K, 24 young (24576K), 2 survivors (2048K)
 Metaspace       used 12321K, capacity 12447K, committed 12800K, reserved 1060864K
  class space    used 948K, capacity 978K, committed 1024K, reserved 1048576K
}
Event: 1424.495 GC heap after
{Heap after GC invocations=3092 (full 0):
 garbage-first heap   total 499712K, used 474568K [0x0000000082200000, 0x0000000100000000)
  region size 1024K, 2 young (2048K), 2 survivors (2048K)
 Metaspace       used 12321K, capacity 12447K, committed 12800K, reserved 1060864K
  class space    used 948K, capacity 978K, committed 1024K, reserved 1048576K
}
Event: 1425.271 GC heap before
{Heap before GC invocations=3092 (full 0):
 garbage-first heap   total 499712K, used 496072K [0x0000000082200000, 0x0000000100000000)
  region size 1024K, 24 young (24576K), 2 survivors (2048K)
 Metaspace       used 12321K, capacity 12447K, committed 12800K, reserved 1060864K
  class space    used 948K, capacity 978K, committed 1024K, reserved 1048576K
}
Event: 1425.273 GC heap after
{Heap after GC invocations=3093 (full 0):
 garbage-first heap   total 500736K, used 474802K [0x0000000082200000, 0x0000000100000000)
  region size 1024K, 2 young (2048K), 2 survivors (2048K)
 Metaspace       used 12321K, capacity 12447K, committed 12800K, reserved 1060864K
  class space    used 948K, capacity 978K, committed 1024K, reserved 1048576K
}
Event: 1426.028 GC heap before
{Heap before GC invocations=3094 (full 0):
 garbage-first heap   total 500736K, used 496306K [0x0000000082200000, 0x0000000100000000)
  region size 1024K, 24 young (24576K), 2 survivors (2048K)
 Metaspace       used 12321K, capacity 12447K, committed 12800K, reserved 1060864K
  class space    used 948K, capacity 978K, committed 1024K, reserved 1048576K
}
Event: 1426.037 GC heap after
{Heap after GC invocations=3095 (full 0):
 garbage-first heap   total 500736K, used 475114K [0x0000000082200000, 0x0000000100000000)
  region size 1024K, 2 young (2048K), 2 survivors (2048K)
 Metaspace       used 12321K, capacity 12447K, committed 12800K, reserved 1060864K
  class space    used 948K, capacity 978K, committed 1024K, reserved 1048576K
}
Event: 1426.789 GC heap before
{Heap before GC invocations=3095 (full 0):
 garbage-first heap   total 500736K, used 496618K [0x0000000082200000, 0x0000000100000000)
  region size 1024K, 24 young (24576K), 2 survivors (2048K)
 Metaspace       used 12321K, capacity 12447K, committed 12800K, reserved 1060864K
  class space    used 948K, capacity 978K, committed 1024K, reserved 1048576K
}
Event: 1426.790 GC heap after
{Heap after GC invocations=3096 (full 0):
 garbage-first heap   total 500736K, used 475440K [0x0000000082200000, 0x0000000100000000)
  region size 1024K, 2 young (2048K), 2 survivors (2048K)
 Metaspace       used 12321K, capacity 12447K, committed 12800K, reserved 1060864K
  class space    used 948K, capacity 978K, committed 1024K, reserved 1048576K
}
Event: 1427.555 GC heap before
{Heap before GC invocations=3097 (full 0):
 garbage-first heap   total 500736K, used 496944K [0x0000000082200000, 0x0000000100000000)
  region size 1024K, 24 young (24576K), 2 survivors (2048K)
 Metaspace       used 12321K, capacity 12447K, committed 12800K, reserved 1060864K
  class space    used 948K, capacity 978K, committed 1024K, reserved 1048576K
}
Event: 1427.564 GC heap after
{Heap after GC invocations=3098 (full 0):
 garbage-first heap   total 500736K, used 475534K [0x0000000082200000, 0x0000000100000000)
  region size 1024K, 2 young (2048K), 2 survivors (2048K)
 Metaspace       used 12321K, capacity 12447K, committed 12800K, reserved 1060864K
  class space    used 948K, capacity 978K, committed 1024K, reserved 1048576K
}
Event: 1428.309 GC heap before
{Heap before GC invocations=3098 (full 0):
 garbage-first heap   total 500736K, used 497038K [0x0000000082200000, 0x0000000100000000)
  region size 1024K, 24 young (24576K), 2 survivors (2048K)
 Metaspace       used 12321K, capacity 12447K, committed 12800K, reserved 1060864K
  class space    used 948K, capacity 978K, committed 1024K, reserved 1048576K
}
Event: 1428.310 GC heap after
{Heap after GC invocations=3099 (full 0):
 garbage-first heap   total 500736K, used 475924K [0x0000000082200000, 0x0000000100000000)
  region size 1024K, 2 young (2048K), 2 survivors (2048K)
 Metaspace       used 12321K, capacity 12447K, committed 12800K, reserved 1060864K
  class space    used 948K, capacity 978K, committed 1024K, reserved 1048576K
}
Event: 1429.076 GC heap before
{Heap before GC invocations=3100 (full 0):
 garbage-first heap   total 500736K, used 497428K [0x0000000082200000, 0x0000000100000000)
  region size 1024K, 24 young (24576K), 2 survivors (2048K)
 Metaspace       used 12321K, capacity 12447K, committed 12800K, reserved 1060864K
  class space    used 948K, capacity 978K, committed 1024K, reserved 1048576K
}
Event: 1429.086 GC heap after
{Heap after GC invocations=3101 (full 0):
 garbage-first heap   total 501760K, used 476127K [0x0000000082200000, 0x0000000100000000)
  region size 1024K, 2 young (2048K), 2 survivors (2048K)
 Metaspace       used 12321K, capacity 12447K, committed 12800K, reserved 1060864K
  class space    used 948K, capacity 978K, committed 1024K, reserved 1048576K
}
Event: 1429.847 GC heap before
{Heap before GC invocations=3101 (full 0):
 garbage-first heap   total 501760K, used 497631K [0x0000000082200000, 0x0000000100000000)
  region size 1024K, 24 young (24576K), 2 survivors (2048K)
 Metaspace       used 12321K, capacity 12447K, committed 12800K, reserved 1060864K
  class space    used 948K, capacity 978K, committed 1024K, reserved 1048576K
}
Event: 1429.848 GC heap after
{Heap after GC invocations=3102 (full 0):
 garbage-first heap   total 501760K, used 476279K [0x0000000082200000, 0x0000000100000000)
  region size 1024K, 2 young (2048K), 2 survivors (2048K)
 Metaspace       used 12321K, capacity 12447K, committed 12800K, reserved 1060864K
  class space    used 948K, capacity 978K, committed 1024K, reserved 1048576K
}
Event: 1430.594 GC heap before
{Heap before GC invocations=3103 (full 0):
 garbage-first heap   total 501760K, used 497783K [0x0000000082200000, 0x0000000100000000)
  region size 1024K, 24 young (24576K), 2 survivors (2048K)
 Metaspace       used 12321K, capacity 12447K, committed 12800K, reserved 1060864K
  class space    used 948K, capacity 978K, committed 1024K, reserved 1048576K
}
Event: 1430.607 GC heap after
{Heap after GC invocations=3104 (full 0):
 garbage-first heap   total 501760K, used 476671K [0x0000000082200000, 0x0000000100000000)
  region size 1024K, 2 young (2048K), 2 survivors (2048K)
 Metaspace       used 12321K, capacity 12447K, committed 12800K, reserved 1060864K
  class space    used 948K, capacity 978K, committed 1024K, reserved 1048576K
}
Event: 1431.365 GC heap before
{Heap before GC invocations=3104 (full 0):
 garbage-first heap   total 501760K, used 498175K [0x0000000082200000, 0x0000000100000000)
  region size 1024K, 24 young (24576K), 2 survivors (2048K)
 Metaspace       used 12321K, capacity 12447K, committed 12800K, reserved 1060864K
  class space    used 948K, capacity 978K, committed 1024K, reserved 1048576K
}

